2025-01-14 13:20:29 info: ========================================
2025-01-14 13:20:29 info: =========== Env: development ===========
2025-01-14 13:20:29 info: 🚀 App listening on the port 5000
2025-01-14 13:20:29 info: ========================================
2025-01-14 13:21:32 info: [0mGET /api/v1/user [32m200[0m 2.380 ms - 41[0m
2025-01-14 13:21:32 info: [0mGET /favicon.ico [33m404[0m 1.389 ms - 150[0m
2025-01-14 13:21:50 info: ========================================
2025-01-14 13:21:50 info: =========== Env: development ===========
2025-01-14 13:21:50 info: 🚀 App listening on the port 5000
2025-01-14 13:21:50 info: ========================================
2025-01-14 13:21:52 info: [0mGET /api/v1/user [36m304[0m 2.866 ms - -[0m
2025-01-14 13:21:59 info: [0mGET /api/v1/user [36m304[0m 0.726 ms - -[0m
2025-01-14 13:22:09 info: [0mGET /api/v1 [33m404[0m 2.325 ms - 145[0m
2025-01-14 13:22:16 info: [0mGET /api/v1/user [36m304[0m 0.504 ms - -[0m
2025-01-14 13:25:08 info: ========================================
2025-01-14 13:25:08 info: =========== Env: development ===========
2025-01-14 13:25:08 info: 🚀 App listening on the port 5000
2025-01-14 13:25:08 info: ========================================
2025-01-14 13:25:14 info: [0mGET /api/v1/user [32m200[0m 2.555 ms - 41[0m
2025-01-14 13:25:19 info: [0mGET /api/v1/user [32m200[0m 0.777 ms - 41[0m
